<?xml version="1.0" encoding="UTF-8"?>
<!-- Generated by org.testng.reporters.JUnitReportReporter -->
<testsuite skipped="0" hostname="Infva06761" name="Day10.FirstScript" tests="1" failures="0" timestamp="15 Mar 2019 08:36:14 GMT" time="1.799" errors="0">
  <testcase name="f" time="1.799" classname="Day10.FirstScript"/>
</testsuite> <!-- Day10.FirstScript -->
