<?xml version="1.0" encoding="UTF-8"?>
<!-- Generated by org.testng.reporters.JUnitReportReporter -->
<testsuite skipped="0" hostname="Infva06761" name="in.lnt.day1.DataDriven" tests="1" failures="0" timestamp="11 Mar 2019 11:04:11 GMT" time="0.259" errors="0">
  <testcase name="f" time="0.259" classname="in.lnt.day1.DataDriven"/>
</testsuite> <!-- in.lnt.day1.DataDriven -->
