<?xml version="1.0" encoding="UTF-8"?>
<!-- Generated by org.testng.reporters.JUnitReportReporter -->
<testsuite skipped="0" hostname="Infva06761" name="day9.Execute" tests="2" failures="0" timestamp="14 Mar 2019 04:32:26 GMT" time="54.759" errors="0">
  <testcase name="F" time="1.380" classname="day9.Execute"/>
  <testcase name="LinkTest" time="53.379" classname="day9.Execute"/>
</testsuite> <!-- day9.Execute -->
