<?xml version="1.0" encoding="UTF-8"?>
<!-- Generated by org.testng.reporters.JUnitReportReporter -->
<testsuite skipped="0" hostname="Infva06761" name="in.lnt.day1.FirstNG" tests="2" failures="0" timestamp="09 Mar 2019 07:38:07 GMT" time="4.657" errors="0">
  <testcase name="login" time="0.854" classname="in.lnt.day1.FirstNG"/>
  <testcase name="login" time="3.803" classname="in.lnt.day1.FirstNG"/>
</testsuite> <!-- in.lnt.day1.FirstNG -->
