<?xml version="1.0" encoding="UTF-8"?>
<!-- Generated by org.testng.reporters.JUnitReportReporter -->
<testsuite skipped="0" hostname="Infva06761" name="day8.DependsExample" tests="6" failures="0" timestamp="13 Mar 2019 07:38:16 GMT" time="11.791" errors="0">
  <testcase name="f1" time="2.591" classname="day8.DependsExample"/>
  <testcase name="f3" time="3.269" classname="day8.DependsExample"/>
  <testcase name="f1" time="2.545" classname="day8.DependsExample"/>
  <testcase name="f2" time="0.064" classname="day8.DependsExample"/>
  <testcase name="f3" time="3.250" classname="day8.DependsExample"/>
  <testcase name="f2" time="0.072" classname="day8.DependsExample"/>
</testsuite> <!-- day8.DependsExample -->
