<?xml version="1.0" encoding="UTF-8"?>
<!-- Generated by org.testng.reporters.JUnitReportReporter -->
<testsuite skipped="0" hostname="Infva06761" name="in.lnt.day1.AllAnotations" tests="2" failures="0" timestamp="11 Mar 2019 07:45:00 GMT" time="0.022" errors="0">
  <testcase name="f1" time="0.007" classname="in.lnt.day1.AllAnotations"/>
  <testcase name="f" time="0.015" classname="in.lnt.day1.AllAnotations"/>
</testsuite> <!-- in.lnt.day1.AllAnotations -->
