<?xml version="1.0" encoding="UTF-8"?>
<!-- Generated by org.testng.reporters.JUnitReportReporter -->
<testsuite skipped="0" hostname="Infva06761" name="day8.Execute" tests="1" failures="0" timestamp="13 Mar 2019 12:25:51 GMT" time="14.205" errors="0">
  <testcase name="f" time="14.205" classname="day8.Execute"/>
</testsuite> <!-- day8.Execute -->
