<?xml version="1.0" encoding="UTF-8"?>
<!-- Generated by org.testng.reporters.JUnitReportReporter -->
<testsuite skipped="0" hostname="Infva06761" name="in.lnt.day1.Oracle" tests="1" failures="0" timestamp="12 Mar 2019 05:26:20 GMT" time="3.998" errors="0">
  <testcase name="f" time="3.998" classname="in.lnt.day1.Oracle"/>
</testsuite> <!-- in.lnt.day1.Oracle -->
