<?xml version="1.0" encoding="UTF-8"?>
<!-- Generated by org.testng.reporters.JUnitReportReporter -->
<testsuite skipped="0" hostname="Infva06761" name="in.lnt.day1.AlertTest" tests="1" failures="0" timestamp="12 Mar 2019 06:45:01 GMT" time="27.514" errors="0">
  <testcase name="test" time="27.514" classname="in.lnt.day1.AlertTest"/>
</testsuite> <!-- in.lnt.day1.AlertTest -->
