<?xml version="1.0" encoding="UTF-8"?>
<!-- Generated by org.testng.reporters.JUnitReportReporter -->
<testsuite skipped="0" hostname="Infva06761" name="day8.Grouping" tests="1" failures="0" timestamp="13 Mar 2019 09:10:18 GMT" time="0.015" errors="0">
  <testcase name="f1" time="0.015" classname="day8.Grouping"/>
</testsuite> <!-- day8.Grouping -->
