<?xml version="1.0" encoding="UTF-8"?>
<!-- Generated by org.testng.reporters.JUnitReportReporter -->
<testsuite skipped="0" hostname="Infva06761" name="day8.CSVRead" tests="1" failures="0" timestamp="15 Mar 2019 09:32:35 GMT" time="0.084" errors="0">
  <testcase name="f" time="0.084" classname="day8.CSVRead"/>
</testsuite> <!-- day8.CSVRead -->
