<?xml version="1.0" encoding="UTF-8"?>
<!-- Generated by org.testng.reporters.JUnitReportReporter -->
<testsuite skipped="0" hostname="Infva06761" name="Day10.Reflection" tests="1" failures="0" timestamp="15 Mar 2019 12:07:22 GMT" time="0.082" errors="0">
  <testcase name="f" time="0.082" classname="Day10.Reflection"/>
</testsuite> <!-- Day10.Reflection -->
